<?xml version="1.0" encoding="UTF-8"?>
<testrun name="FolderControllerTests (1)" project="Foldering" tests="11" started="11" failures="1" errors="0" ignored="0">
  <testsuite name="com.trgr.cobalt.ro.core.folder.communication.FolderControllerTests" time="1.309">
    <testcase name="createFolder" classname="com.trgr.cobalt.ro.core.folder.communication.FolderControllerTests" time="0.901">
      <failure>java.lang.AssertionError: 
	at org.junit.Assert.fail(Assert.java:91)
	at org.junit.Assert.assertTrue(Assert.java:43)
	at org.junit.Assert.assertNotNull(Assert.java:524)
	at org.junit.Assert.assertNotNull(Assert.java:535)
	at com.trgr.cobalt.ro.core.folder.communication.FolderControllerTests.createFolder(FolderControllerTests.java:100)
	at sun.reflect.NativeMethodAccessorImpl.invoke0(Native Method)
	at sun.reflect.NativeMethodAccessorImpl.invoke(NativeMethodAccessorImpl.java:39)
	at sun.reflect.DelegatingMethodAccessorImpl.invoke(DelegatingMethodAccessorImpl.java:25)
	at java.lang.reflect.Method.invoke(Method.java:597)
	at org.junit.runners.model.FrameworkMethod$1.runReflectiveCall(FrameworkMethod.java:44)
	at org.junit.internal.runners.model.ReflectiveCallable.run(ReflectiveCallable.java:15)
	at org.junit.runners.model.FrameworkMethod.invokeExplosively(FrameworkMethod.java:41)
	at org.junit.internal.runners.statements.InvokeMethod.evaluate(InvokeMethod.java:20)
	at org.junit.internal.runners.statements.RunBefores.evaluate(RunBefores.java:28)
	at org.junit.runners.BlockJUnit4ClassRunner.runNotIgnored(BlockJUnit4ClassRunner.java:79)
	at org.junit.runners.BlockJUnit4ClassRunner.runChild(BlockJUnit4ClassRunner.java:71)
	at org.junit.runners.BlockJUnit4ClassRunner.runChild(BlockJUnit4ClassRunner.java:49)
	at org.junit.runners.ParentRunner$3.run(ParentRunner.java:193)
	at org.junit.runners.ParentRunner$1.schedule(ParentRunner.java:52)
	at org.junit.runners.ParentRunner.runChildren(ParentRunner.java:191)
	at org.junit.runners.ParentRunner.access$000(ParentRunner.java:42)
	at org.junit.runners.ParentRunner$2.evaluate(ParentRunner.java:184)
	at org.junit.internal.runners.statements.RunBefores.evaluate(RunBefores.java:28)
	at org.junit.runners.ParentRunner.run(ParentRunner.java:236)
	at org.eclipse.jdt.internal.junit4.runner.JUnit4TestReference.run(JUnit4TestReference.java:49)
	at org.eclipse.jdt.internal.junit.runner.TestExecution.run(TestExecution.java:38)
	at org.eclipse.jdt.internal.junit.runner.RemoteTestRunner.runTests(RemoteTestRunner.java:467)
	at org.eclipse.jdt.internal.junit.runner.RemoteTestRunner.runTests(RemoteTestRunner.java:683)
	at org.eclipse.jdt.internal.junit.runner.RemoteTestRunner.run(RemoteTestRunner.java:390)
	at org.eclipse.jdt.internal.junit.runner.RemoteTestRunner.main(RemoteTestRunner.java:197)

</failure>
    </testcase>
    <testcase name="createFolder_nullFolderName" classname="com.trgr.cobalt.ro.core.folder.communication.FolderControllerTests" time="0.097"/>
    <testcase name="createFolder_blankFolderName" classname="com.trgr.cobalt.ro.core.folder.communication.FolderControllerTests" time="0.001"/>
    <testcase name="getFolderDetails" classname="com.trgr.cobalt.ro.core.folder.communication.FolderControllerTests" time="0.232"/>
    <testcase name="getFolderDetails_annotations" classname="com.trgr.cobalt.ro.core.folder.communication.FolderControllerTests" time="0.065"/>
    <testcase name="updateFolder" classname="com.trgr.cobalt.ro.core.folder.communication.FolderControllerTests" time="0.011"/>
    <testcase name="updateFolder_annotations" classname="com.trgr.cobalt.ro.core.folder.communication.FolderControllerTests" time="0.0"/>
    <testcase name="updateFolder_nullFolderId" classname="com.trgr.cobalt.ro.core.folder.communication.FolderControllerTests" time="0.0"/>
    <testcase name="updateFolder_blankFolderId" classname="com.trgr.cobalt.ro.core.folder.communication.FolderControllerTests" time="0.0"/>
    <testcase name="deleteFolder" classname="com.trgr.cobalt.ro.core.folder.communication.FolderControllerTests" time="0.0"/>
    <testcase name="deleteFolder_annotations" classname="com.trgr.cobalt.ro.core.folder.communication.FolderControllerTests" time="0.0"/>
  </testsuite>
</testrun>
